[debug] [2021-02-18T23:40:17.446Z] ----------------------------------------------------------------------
[debug] [2021-02-18T23:40:17.448Z] Command:       /usr/local/bin/node /usr/local/bin/firebase serve
[debug] [2021-02-18T23:40:17.448Z] CLI Version:   9.2.2
[debug] [2021-02-18T23:40:17.448Z] Platform:      darwin
[debug] [2021-02-18T23:40:17.448Z] Node Version:  v12.18.3
[debug] [2021-02-18T23:40:17.449Z] Time:          Thu Feb 18 2021 15:40:17 GMT-0800 (Pacific Standard Time)
[debug] [2021-02-18T23:40:17.449Z] ----------------------------------------------------------------------
[debug] [2021-02-18T23:40:17.449Z] 
[debug] [2021-02-18T23:40:17.455Z] > command requires scopes: ["email","openid","https://www.googleapis.com/auth/cloudplatformprojects.readonly","https://www.googleapis.com/auth/firebase","https://www.googleapis.com/auth/cloud-platform"]
[debug] [2021-02-18T23:40:17.455Z] > authorizing via signed-in user
[debug] [2021-02-18T23:40:17.455Z] [iam] checking project alimentation-851c0 for permissions ["firebase.projects.get"]
[debug] [2021-02-18T23:40:17.458Z] >>> HTTP REQUEST POST https://cloudresourcemanager.googleapis.com/v1/projects/alimentation-851c0:testIamPermissions  
 {"permissions":["firebase.projects.get"]}
[debug] [2021-02-18T23:40:18.181Z] <<< HTTP RESPONSE 200 {"content-type":"application/json; charset=UTF-8","vary":"X-Origin, Referer, Origin,Accept-Encoding","date":"Thu, 18 Feb 2021 23:40:18 GMT","server":"ESF","cache-control":"private","x-xss-protection":"0","x-frame-options":"SAMEORIGIN","x-content-type-options":"nosniff","server-timing":"gfet4t7; dur=126","alt-svc":"h3-29=\":443\"; ma=2592000,h3-T051=\":443\"; ma=2592000,h3-Q050=\":443\"; ma=2592000,h3-Q046=\":443\"; ma=2592000,h3-Q043=\":443\"; ma=2592000,quic=\":443\"; ma=2592000; v=\"46,43\"","accept-ranges":"none","transfer-encoding":"chunked"}
[debug] [2021-02-18T23:40:18.184Z] > refreshing access token with scopes: []
[debug] [2021-02-18T23:40:18.184Z] >>> HTTP REQUEST POST https://www.googleapis.com/oauth2/v3/token  
 <request body omitted>
[debug] [2021-02-18T23:40:18.790Z] <<< HTTP RESPONSE 200 {"expires":"Mon, 01 Jan 1990 00:00:00 GMT","cache-control":"no-cache, no-store, max-age=0, must-revalidate","pragma":"no-cache","date":"Thu, 18 Feb 2021 23:40:18 GMT","content-type":"application/json; charset=utf-8","vary":"X-Origin, Referer, Origin,Accept-Encoding","server":"scaffolding on HTTPServer2","x-xss-protection":"0","x-frame-options":"SAMEORIGIN","x-content-type-options":"nosniff","alt-svc":"h3-29=\":443\"; ma=2592000,h3-T051=\":443\"; ma=2592000,h3-Q050=\":443\"; ma=2592000,h3-Q046=\":443\"; ma=2592000,h3-Q043=\":443\"; ma=2592000,quic=\":443\"; ma=2592000; v=\"46,43\"","accept-ranges":"none","transfer-encoding":"chunked"}
[debug] [2021-02-18T23:40:18.809Z] >>> [apiv2][query] GET https://firebase.googleapis.com/v1beta1/projects/alimentation-851c0 [none]
[debug] [2021-02-18T23:40:19.477Z] <<< [apiv2][status] GET https://firebase.googleapis.com/v1beta1/projects/alimentation-851c0 200
[debug] [2021-02-18T23:40:19.477Z] <<< [apiv2][body] GET https://firebase.googleapis.com/v1beta1/projects/alimentation-851c0 {"projectId":"alimentation-851c0","projectNumber":"132252995768","displayName":"alimentation","name":"projects/alimentation-851c0","resources":{"hostingSite":"alimentation-851c0","realtimeDatabaseInstance":"alimentation-851c0-default-rtdb","storageBucket":"alimentation-851c0.appspot.com","locationId":"us-central"},"state":"ACTIVE"}
[info] 
[info] === Serving from '/Users/stevenjang/Desktop/alimentation-middleware'...
[info] 
[info] ✔  functions: Using node@12 from host. {"metadata":{"emulator":{"name":"functions"},"message":"Using node@12 from host."}}
[debug] [2021-02-18T23:40:19.497Z] defaultcredentials: writing to file /Users/stevenjang/.config/firebase/0331steven_gmail_com_application_default_credentials.json
[debug] [2021-02-18T23:40:19.500Z] Setting GAC to /Users/stevenjang/.config/firebase/0331steven_gmail_com_application_default_credentials.json {"metadata":{"emulator":{"name":"functions"},"message":"Setting GAC to /Users/stevenjang/.config/firebase/0331steven_gmail_com_application_default_credentials.json"}}
[debug] [2021-02-18T23:40:19.501Z] >>> [apiv2][query] GET https://firebase.googleapis.com/v1beta1/projects/alimentation-851c0/adminSdkConfig [none]
[debug] [2021-02-18T23:40:20.325Z] <<< [apiv2][status] GET https://firebase.googleapis.com/v1beta1/projects/alimentation-851c0/adminSdkConfig 200
[debug] [2021-02-18T23:40:20.326Z] <<< [apiv2][body] GET https://firebase.googleapis.com/v1beta1/projects/alimentation-851c0/adminSdkConfig {"projectId":"alimentation-851c0","databaseURL":"https://alimentation-851c0-default-rtdb.firebaseio.com","storageBucket":"alimentation-851c0.appspot.com","locationId":"us-central"}
[info] i  functions: Watching "/Users/stevenjang/Desktop/alimentation-middleware/functions" for Cloud Functions... {"metadata":{"emulator":{"name":"functions"},"message":"Watching \"/Users/stevenjang/Desktop/alimentation-middleware/functions\" for Cloud Functions..."}}
[debug] [2021-02-18T23:40:20.366Z] [worker-pool] addWorker(~diagnostic~) {"metadata":{"emulator":{"name":"functions"},"message":"[worker-pool] addWorker(~diagnostic~)"}}
[debug] [2021-02-18T23:40:20.367Z] [worker-pool] Adding worker with key ~diagnostic~, total=1 {"metadata":{"emulator":{"name":"functions"},"message":"[worker-pool] Adding worker with key ~diagnostic~, total=1"}}
[debug] [2021-02-18T23:40:20.367Z] [worker-pool] submitWork(triggerId=) {"metadata":{"emulator":{"name":"functions"},"message":"[worker-pool] submitWork(triggerId=)"}}
[debug] [2021-02-18T23:40:20.368Z] [worker-~diagnostic~-4f443e8d-b329-4a6c-9b3e-6aa932e259db]: Assigning socketPath: /var/folders/h1/8kjkk_v132j0m5fzcf25bdrr0000gn/T/fire_emu_33112.sock {"metadata":{"emulator":{"name":"functions"},"message":"[worker-~diagnostic~-4f443e8d-b329-4a6c-9b3e-6aa932e259db]: Assigning socketPath: /var/folders/h1/8kjkk_v132j0m5fzcf25bdrr0000gn/T/fire_emu_33112.sock"}}
[debug] [2021-02-18T23:40:20.368Z] [worker-~diagnostic~-4f443e8d-b329-4a6c-9b3e-6aa932e259db]: BUSY {"metadata":{"emulator":{"name":"functions"},"message":"[worker-~diagnostic~-4f443e8d-b329-4a6c-9b3e-6aa932e259db]: BUSY"}}
[debug] [2021-02-18T23:40:20.514Z] [runtime-status] [33112] Functions runtime initialized. {"cwd":"/Users/stevenjang/Desktop/alimentation-middleware/functions","node_version":"12.18.3"} {"metadata":{"emulator":{"name":"functions"},"message":"[runtime-status] [33112] Functions runtime initialized. {\"cwd\":\"/Users/stevenjang/Desktop/alimentation-middleware/functions\",\"node_version\":\"12.18.3\"}"}}
[debug] [2021-02-18T23:40:20.515Z] [runtime-status] [33112] Disabled runtime features: undefined {"metadata":{"emulator":{"name":"functions"},"message":"[runtime-status] [33112] Disabled runtime features: undefined"}}
[debug] [2021-02-18T23:40:20.518Z] [runtime-status] [33112] Resolved module firebase-admin {"declared":true,"installed":true,"version":"9.5.0","resolution":"/Users/stevenjang/Desktop/alimentation-middleware/functions/node_modules/firebase-admin/lib/index.js"} {"metadata":{"emulator":{"name":"functions"},"message":"[runtime-status] [33112] Resolved module firebase-admin {\"declared\":true,\"installed\":true,\"version\":\"9.5.0\",\"resolution\":\"/Users/stevenjang/Desktop/alimentation-middleware/functions/node_modules/firebase-admin/lib/index.js\"}"}}
[debug] [2021-02-18T23:40:20.521Z] [runtime-status] [33112] Resolved module firebase-functions {"declared":true,"installed":true,"version":"3.13.1","resolution":"/Users/stevenjang/Desktop/alimentation-middleware/functions/node_modules/firebase-functions/lib/index.js"} {"metadata":{"emulator":{"name":"functions"},"message":"[runtime-status] [33112] Resolved module firebase-functions {\"declared\":true,\"installed\":true,\"version\":\"3.13.1\",\"resolution\":\"/Users/stevenjang/Desktop/alimentation-middleware/functions/node_modules/firebase-functions/lib/index.js\"}"}}
[debug] [2021-02-18T23:40:20.521Z] [runtime-status] [33112] Resolved module firebase-functions {"declared":true,"installed":true,"version":"3.13.1","resolution":"/Users/stevenjang/Desktop/alimentation-middleware/functions/node_modules/firebase-functions/lib/index.js"} {"metadata":{"emulator":{"name":"functions"},"message":"[runtime-status] [33112] Resolved module firebase-functions {\"declared\":true,\"installed\":true,\"version\":\"3.13.1\",\"resolution\":\"/Users/stevenjang/Desktop/alimentation-middleware/functions/node_modules/firebase-functions/lib/index.js\"}"}}
[debug] [2021-02-18T23:40:20.523Z] [runtime-status] [33112] Outgoing network have been stubbed. [{"name":"http","status":"mocked"},{"name":"http","status":"mocked"},{"name":"https","status":"mocked"},{"name":"https","status":"mocked"},{"name":"net","status":"mocked"}] {"metadata":{"emulator":{"name":"functions"},"message":"[runtime-status] [33112] Outgoing network have been stubbed. [{\"name\":\"http\",\"status\":\"mocked\"},{\"name\":\"http\",\"status\":\"mocked\"},{\"name\":\"https\",\"status\":\"mocked\"},{\"name\":\"https\",\"status\":\"mocked\"},{\"name\":\"net\",\"status\":\"mocked\"}]"}}
[debug] [2021-02-18T23:40:20.524Z] [runtime-status] [33112] Resolved module firebase-functions {"declared":true,"installed":true,"version":"3.13.1","resolution":"/Users/stevenjang/Desktop/alimentation-middleware/functions/node_modules/firebase-functions/lib/index.js"} {"metadata":{"emulator":{"name":"functions"},"message":"[runtime-status] [33112] Resolved module firebase-functions {\"declared\":true,\"installed\":true,\"version\":\"3.13.1\",\"resolution\":\"/Users/stevenjang/Desktop/alimentation-middleware/functions/node_modules/firebase-functions/lib/index.js\"}"}}
[debug] [2021-02-18T23:40:20.586Z] [runtime-status] [33112] Checked functions.config() {"config":{}} {"metadata":{"emulator":{"name":"functions"},"message":"[runtime-status] [33112] Checked functions.config() {\"config\":{}}"}}
[debug] [2021-02-18T23:40:20.586Z] [runtime-status] [33112] firebase-functions has been stubbed. {"functionsResolution":{"declared":true,"installed":true,"version":"3.13.1","resolution":"/Users/stevenjang/Desktop/alimentation-middleware/functions/node_modules/firebase-functions/lib/index.js"}} {"metadata":{"emulator":{"name":"functions"},"message":"[runtime-status] [33112] firebase-functions has been stubbed. {\"functionsResolution\":{\"declared\":true,\"installed\":true,\"version\":\"3.13.1\",\"resolution\":\"/Users/stevenjang/Desktop/alimentation-middleware/functions/node_modules/firebase-functions/lib/index.js\"}}"}}
[debug] [2021-02-18T23:40:20.586Z] [runtime-status] [33112] Resolved module firebase-functions {"declared":true,"installed":true,"version":"3.13.1","resolution":"/Users/stevenjang/Desktop/alimentation-middleware/functions/node_modules/firebase-functions/lib/index.js"} {"metadata":{"emulator":{"name":"functions"},"message":"[runtime-status] [33112] Resolved module firebase-functions {\"declared\":true,\"installed\":true,\"version\":\"3.13.1\",\"resolution\":\"/Users/stevenjang/Desktop/alimentation-middleware/functions/node_modules/firebase-functions/lib/index.js\"}"}}
[debug] [2021-02-18T23:40:20.587Z] [runtime-status] [33112] Resolved module firebase-admin {"declared":true,"installed":true,"version":"9.5.0","resolution":"/Users/stevenjang/Desktop/alimentation-middleware/functions/node_modules/firebase-admin/lib/index.js"} {"metadata":{"emulator":{"name":"functions"},"message":"[runtime-status] [33112] Resolved module firebase-admin {\"declared\":true,\"installed\":true,\"version\":\"9.5.0\",\"resolution\":\"/Users/stevenjang/Desktop/alimentation-middleware/functions/node_modules/firebase-admin/lib/index.js\"}"}}
[debug] [2021-02-18T23:40:20.587Z] [runtime-status] [33112] Resolved module firebase-functions {"declared":true,"installed":true,"version":"3.13.1","resolution":"/Users/stevenjang/Desktop/alimentation-middleware/functions/node_modules/firebase-functions/lib/index.js"} {"metadata":{"emulator":{"name":"functions"},"message":"[runtime-status] [33112] Resolved module firebase-functions {\"declared\":true,\"installed\":true,\"version\":\"3.13.1\",\"resolution\":\"/Users/stevenjang/Desktop/alimentation-middleware/functions/node_modules/firebase-functions/lib/index.js\"}"}}
[debug] [2021-02-18T23:40:20.587Z] [runtime-status] [33112] firebase-admin has been stubbed. {"adminResolution":{"declared":true,"installed":true,"version":"9.5.0","resolution":"/Users/stevenjang/Desktop/alimentation-middleware/functions/node_modules/firebase-admin/lib/index.js"}} {"metadata":{"emulator":{"name":"functions"},"message":"[runtime-status] [33112] firebase-admin has been stubbed. {\"adminResolution\":{\"declared\":true,\"installed\":true,\"version\":\"9.5.0\",\"resolution\":\"/Users/stevenjang/Desktop/alimentation-middleware/functions/node_modules/firebase-admin/lib/index.js\"}}"}}
[warn] ⚠  Error: Cannot find module '/Users/stevenjang/Desktop/alimentation-middleware/functions/lib/index.js'. Please verify that the package.json has a valid "main" entry
    at tryPackage (internal/modules/cjs/loader.js:321:19)
    at Function.Module._findPath (internal/modules/cjs/loader.js:682:18)
    at Function.Module._resolveFilename (internal/modules/cjs/loader.js:952:27)
    at Function.Module._load (internal/modules/cjs/loader.js:841:27)
    at Module.require (internal/modules/cjs/loader.js:1025:19)
    at require (internal/modules/cjs/helpers.js:72:18)
    at initializeRuntime (/usr/local/lib/node_modules/firebase-tools/lib/emulator/functionsEmulatorRuntime.js:676:29)
    at processTicksAndRejections (internal/process/task_queues.js:97:5)
    at async handleMessage (/usr/local/lib/node_modules/firebase-tools/lib/emulator/functionsEmulatorRuntime.js:714:20) {"metadata":{"emulator":{"name":"functions"},"message":"Error: Cannot find module '/Users/stevenjang/Desktop/alimentation-middleware/functions/lib/index.js'. Please verify that the package.json has a valid \"main\" entry\n    at tryPackage (internal/modules/cjs/loader.js:321:19)\n    at Function.Module._findPath (internal/modules/cjs/loader.js:682:18)\n    at Function.Module._resolveFilename (internal/modules/cjs/loader.js:952:27)\n    at Function.Module._load (internal/modules/cjs/loader.js:841:27)\n    at Module.require (internal/modules/cjs/loader.js:1025:19)\n    at require (internal/modules/cjs/helpers.js:72:18)\n    at initializeRuntime (/usr/local/lib/node_modules/firebase-tools/lib/emulator/functionsEmulatorRuntime.js:676:29)\n    at processTicksAndRejections (internal/process/task_queues.js:97:5)\n    at async handleMessage (/usr/local/lib/node_modules/firebase-tools/lib/emulator/functionsEmulatorRuntime.js:714:20)"}}
[warn] ⚠  We were unable to load your functions code. (see above)
   - It appears your code is written in Typescript, which must be compiled before emulation.
   - You may be able to run "npm run build" in your functions directory to resolve this. {"metadata":{"emulator":{"name":"functions"}}}
[debug] [2021-02-18T23:40:20.609Z] [worker-~diagnostic~-4f443e8d-b329-4a6c-9b3e-6aa932e259db]: exited {"metadata":{"emulator":{"name":"functions"},"message":"[worker-~diagnostic~-4f443e8d-b329-4a6c-9b3e-6aa932e259db]: exited"}}
[debug] [2021-02-18T23:40:20.609Z] [worker-~diagnostic~-4f443e8d-b329-4a6c-9b3e-6aa932e259db]: FINISHED {"metadata":{"emulator":{"name":"functions"},"message":"[worker-~diagnostic~-4f443e8d-b329-4a6c-9b3e-6aa932e259db]: FINISHED"}}
[debug] [2021-02-18T23:41:55.149Z] ----------------------------------------------------------------------
[debug] [2021-02-18T23:41:55.151Z] Command:       /usr/local/bin/node /usr/local/bin/firebase serve
[debug] [2021-02-18T23:41:55.151Z] CLI Version:   9.2.2
[debug] [2021-02-18T23:41:55.151Z] Platform:      darwin
[debug] [2021-02-18T23:41:55.151Z] Node Version:  v12.18.3
[debug] [2021-02-18T23:41:55.152Z] Time:          Thu Feb 18 2021 15:41:55 GMT-0800 (Pacific Standard Time)
[debug] [2021-02-18T23:41:55.152Z] ----------------------------------------------------------------------
[debug] [2021-02-18T23:41:55.152Z] 
[debug] [2021-02-18T23:41:55.156Z] > command requires scopes: ["email","openid","https://www.googleapis.com/auth/cloudplatformprojects.readonly","https://www.googleapis.com/auth/firebase","https://www.googleapis.com/auth/cloud-platform"]
[debug] [2021-02-18T23:41:55.157Z] > authorizing via signed-in user
[debug] [2021-02-18T23:41:55.157Z] [iam] checking project alimentation-851c0 for permissions ["firebase.projects.get"]
[debug] [2021-02-18T23:41:55.159Z] > refreshing access token with scopes: ["email","https://www.googleapis.com/auth/cloud-platform","https://www.googleapis.com/auth/cloudplatformprojects.readonly","https://www.googleapis.com/auth/firebase","openid"]
[debug] [2021-02-18T23:41:55.160Z] >>> HTTP REQUEST POST https://www.googleapis.com/oauth2/v3/token  
 <request body omitted>
[debug] [2021-02-18T23:41:55.790Z] <<< HTTP RESPONSE 200 {"cache-control":"no-cache, no-store, max-age=0, must-revalidate","date":"Thu, 18 Feb 2021 23:41:55 GMT","expires":"Mon, 01 Jan 1990 00:00:00 GMT","pragma":"no-cache","content-type":"application/json; charset=utf-8","vary":"X-Origin, Referer, Origin,Accept-Encoding","server":"scaffolding on HTTPServer2","x-xss-protection":"0","x-frame-options":"SAMEORIGIN","x-content-type-options":"nosniff","alt-svc":"h3-29=\":443\"; ma=2592000,h3-T051=\":443\"; ma=2592000,h3-Q050=\":443\"; ma=2592000,h3-Q046=\":443\"; ma=2592000,h3-Q043=\":443\"; ma=2592000,quic=\":443\"; ma=2592000; v=\"46,43\"","accept-ranges":"none","transfer-encoding":"chunked"}
[debug] [2021-02-18T23:41:55.806Z] >>> HTTP REQUEST POST https://cloudresourcemanager.googleapis.com/v1/projects/alimentation-851c0:testIamPermissions  
 {"permissions":["firebase.projects.get"]}
[debug] [2021-02-18T23:41:56.978Z] <<< HTTP RESPONSE 200 {"content-type":"application/json; charset=UTF-8","vary":"X-Origin, Referer, Origin,Accept-Encoding","date":"Thu, 18 Feb 2021 23:41:57 GMT","server":"ESF","cache-control":"private","x-xss-protection":"0","x-frame-options":"SAMEORIGIN","x-content-type-options":"nosniff","server-timing":"gfet4t7; dur=584","alt-svc":"h3-29=\":443\"; ma=2592000,h3-T051=\":443\"; ma=2592000,h3-Q050=\":443\"; ma=2592000,h3-Q046=\":443\"; ma=2592000,h3-Q043=\":443\"; ma=2592000,quic=\":443\"; ma=2592000; v=\"46,43\"","accept-ranges":"none","transfer-encoding":"chunked"}
[debug] [2021-02-18T23:41:56.981Z] > refreshing access token with scopes: []
[debug] [2021-02-18T23:41:56.981Z] >>> HTTP REQUEST POST https://www.googleapis.com/oauth2/v3/token  
 <request body omitted>
[debug] [2021-02-18T23:41:57.578Z] <<< HTTP RESPONSE 200 {"cache-control":"no-cache, no-store, max-age=0, must-revalidate","expires":"Mon, 01 Jan 1990 00:00:00 GMT","date":"Thu, 18 Feb 2021 23:41:57 GMT","pragma":"no-cache","content-type":"application/json; charset=utf-8","vary":"X-Origin, Referer, Origin,Accept-Encoding","server":"scaffolding on HTTPServer2","x-xss-protection":"0","x-frame-options":"SAMEORIGIN","x-content-type-options":"nosniff","alt-svc":"h3-29=\":443\"; ma=2592000,h3-T051=\":443\"; ma=2592000,h3-Q050=\":443\"; ma=2592000,h3-Q046=\":443\"; ma=2592000,h3-Q043=\":443\"; ma=2592000,quic=\":443\"; ma=2592000; v=\"46,43\"","accept-ranges":"none","transfer-encoding":"chunked"}
[debug] [2021-02-18T23:41:57.596Z] >>> [apiv2][query] GET https://firebase.googleapis.com/v1beta1/projects/alimentation-851c0 [none]
[debug] [2021-02-18T23:41:58.275Z] <<< [apiv2][status] GET https://firebase.googleapis.com/v1beta1/projects/alimentation-851c0 200
[debug] [2021-02-18T23:41:58.275Z] <<< [apiv2][body] GET https://firebase.googleapis.com/v1beta1/projects/alimentation-851c0 {"projectId":"alimentation-851c0","projectNumber":"132252995768","displayName":"alimentation","name":"projects/alimentation-851c0","resources":{"hostingSite":"alimentation-851c0","realtimeDatabaseInstance":"alimentation-851c0-default-rtdb","storageBucket":"alimentation-851c0.appspot.com","locationId":"us-central"},"state":"ACTIVE"}
[info] 
[info] === Serving from '/Users/stevenjang/Desktop/alimentation-middleware'...
[info] 
[info] ✔  functions: Using node@12 from host. {"metadata":{"emulator":{"name":"functions"},"message":"Using node@12 from host."}}
[debug] [2021-02-18T23:41:58.292Z] defaultcredentials: writing to file /Users/stevenjang/.config/firebase/0331steven_gmail_com_application_default_credentials.json
[debug] [2021-02-18T23:41:58.294Z] Setting GAC to /Users/stevenjang/.config/firebase/0331steven_gmail_com_application_default_credentials.json {"metadata":{"emulator":{"name":"functions"},"message":"Setting GAC to /Users/stevenjang/.config/firebase/0331steven_gmail_com_application_default_credentials.json"}}
[debug] [2021-02-18T23:41:58.296Z] >>> [apiv2][query] GET https://firebase.googleapis.com/v1beta1/projects/alimentation-851c0/adminSdkConfig [none]
[debug] [2021-02-18T23:41:59.067Z] <<< [apiv2][status] GET https://firebase.googleapis.com/v1beta1/projects/alimentation-851c0/adminSdkConfig 200
[debug] [2021-02-18T23:41:59.067Z] <<< [apiv2][body] GET https://firebase.googleapis.com/v1beta1/projects/alimentation-851c0/adminSdkConfig {"projectId":"alimentation-851c0","databaseURL":"https://alimentation-851c0-default-rtdb.firebaseio.com","storageBucket":"alimentation-851c0.appspot.com","locationId":"us-central"}
[info] i  functions: Watching "/Users/stevenjang/Desktop/alimentation-middleware/functions" for Cloud Functions... {"metadata":{"emulator":{"name":"functions"},"message":"Watching \"/Users/stevenjang/Desktop/alimentation-middleware/functions\" for Cloud Functions..."}}
[debug] [2021-02-18T23:41:59.107Z] [worker-pool] addWorker(~diagnostic~) {"metadata":{"emulator":{"name":"functions"},"message":"[worker-pool] addWorker(~diagnostic~)"}}
[debug] [2021-02-18T23:41:59.108Z] [worker-pool] Adding worker with key ~diagnostic~, total=1 {"metadata":{"emulator":{"name":"functions"},"message":"[worker-pool] Adding worker with key ~diagnostic~, total=1"}}
[debug] [2021-02-18T23:41:59.108Z] [worker-pool] submitWork(triggerId=) {"metadata":{"emulator":{"name":"functions"},"message":"[worker-pool] submitWork(triggerId=)"}}
[debug] [2021-02-18T23:41:59.108Z] [worker-~diagnostic~-0daa4eae-6c8e-4560-be70-7e94c9ebda35]: Assigning socketPath: /var/folders/h1/8kjkk_v132j0m5fzcf25bdrr0000gn/T/fire_emu_33153.sock {"metadata":{"emulator":{"name":"functions"},"message":"[worker-~diagnostic~-0daa4eae-6c8e-4560-be70-7e94c9ebda35]: Assigning socketPath: /var/folders/h1/8kjkk_v132j0m5fzcf25bdrr0000gn/T/fire_emu_33153.sock"}}
[debug] [2021-02-18T23:41:59.109Z] [worker-~diagnostic~-0daa4eae-6c8e-4560-be70-7e94c9ebda35]: BUSY {"metadata":{"emulator":{"name":"functions"},"message":"[worker-~diagnostic~-0daa4eae-6c8e-4560-be70-7e94c9ebda35]: BUSY"}}
[debug] [2021-02-18T23:41:59.248Z] [runtime-status] [33153] Functions runtime initialized. {"cwd":"/Users/stevenjang/Desktop/alimentation-middleware/functions","node_version":"12.18.3"} {"metadata":{"emulator":{"name":"functions"},"message":"[runtime-status] [33153] Functions runtime initialized. {\"cwd\":\"/Users/stevenjang/Desktop/alimentation-middleware/functions\",\"node_version\":\"12.18.3\"}"}}
[debug] [2021-02-18T23:41:59.249Z] [runtime-status] [33153] Disabled runtime features: undefined {"metadata":{"emulator":{"name":"functions"},"message":"[runtime-status] [33153] Disabled runtime features: undefined"}}
[debug] [2021-02-18T23:41:59.250Z] [runtime-status] [33153] Resolved module firebase-admin {"declared":true,"installed":true,"version":"9.5.0","resolution":"/Users/stevenjang/Desktop/alimentation-middleware/functions/node_modules/firebase-admin/lib/index.js"} {"metadata":{"emulator":{"name":"functions"},"message":"[runtime-status] [33153] Resolved module firebase-admin {\"declared\":true,\"installed\":true,\"version\":\"9.5.0\",\"resolution\":\"/Users/stevenjang/Desktop/alimentation-middleware/functions/node_modules/firebase-admin/lib/index.js\"}"}}
[debug] [2021-02-18T23:41:59.252Z] [runtime-status] [33153] Resolved module firebase-functions {"declared":true,"installed":true,"version":"3.13.1","resolution":"/Users/stevenjang/Desktop/alimentation-middleware/functions/node_modules/firebase-functions/lib/index.js"} {"metadata":{"emulator":{"name":"functions"},"message":"[runtime-status] [33153] Resolved module firebase-functions {\"declared\":true,\"installed\":true,\"version\":\"3.13.1\",\"resolution\":\"/Users/stevenjang/Desktop/alimentation-middleware/functions/node_modules/firebase-functions/lib/index.js\"}"}}
[debug] [2021-02-18T23:41:59.253Z] [runtime-status] [33153] Resolved module firebase-functions {"declared":true,"installed":true,"version":"3.13.1","resolution":"/Users/stevenjang/Desktop/alimentation-middleware/functions/node_modules/firebase-functions/lib/index.js"} {"metadata":{"emulator":{"name":"functions"},"message":"[runtime-status] [33153] Resolved module firebase-functions {\"declared\":true,\"installed\":true,\"version\":\"3.13.1\",\"resolution\":\"/Users/stevenjang/Desktop/alimentation-middleware/functions/node_modules/firebase-functions/lib/index.js\"}"}}
[debug] [2021-02-18T23:41:59.254Z] [runtime-status] [33153] Outgoing network have been stubbed. [{"name":"http","status":"mocked"},{"name":"http","status":"mocked"},{"name":"https","status":"mocked"},{"name":"https","status":"mocked"},{"name":"net","status":"mocked"}] {"metadata":{"emulator":{"name":"functions"},"message":"[runtime-status] [33153] Outgoing network have been stubbed. [{\"name\":\"http\",\"status\":\"mocked\"},{\"name\":\"http\",\"status\":\"mocked\"},{\"name\":\"https\",\"status\":\"mocked\"},{\"name\":\"https\",\"status\":\"mocked\"},{\"name\":\"net\",\"status\":\"mocked\"}]"}}
[debug] [2021-02-18T23:41:59.255Z] [runtime-status] [33153] Resolved module firebase-functions {"declared":true,"installed":true,"version":"3.13.1","resolution":"/Users/stevenjang/Desktop/alimentation-middleware/functions/node_modules/firebase-functions/lib/index.js"} {"metadata":{"emulator":{"name":"functions"},"message":"[runtime-status] [33153] Resolved module firebase-functions {\"declared\":true,\"installed\":true,\"version\":\"3.13.1\",\"resolution\":\"/Users/stevenjang/Desktop/alimentation-middleware/functions/node_modules/firebase-functions/lib/index.js\"}"}}
[debug] [2021-02-18T23:41:59.284Z] [runtime-status] [33153] Checked functions.config() {"config":{}} {"metadata":{"emulator":{"name":"functions"},"message":"[runtime-status] [33153] Checked functions.config() {\"config\":{}}"}}
[debug] [2021-02-18T23:41:59.285Z] [runtime-status] [33153] firebase-functions has been stubbed. {"functionsResolution":{"declared":true,"installed":true,"version":"3.13.1","resolution":"/Users/stevenjang/Desktop/alimentation-middleware/functions/node_modules/firebase-functions/lib/index.js"}} {"metadata":{"emulator":{"name":"functions"},"message":"[runtime-status] [33153] firebase-functions has been stubbed. {\"functionsResolution\":{\"declared\":true,\"installed\":true,\"version\":\"3.13.1\",\"resolution\":\"/Users/stevenjang/Desktop/alimentation-middleware/functions/node_modules/firebase-functions/lib/index.js\"}}"}}
[debug] [2021-02-18T23:41:59.285Z] [runtime-status] [33153] Resolved module firebase-functions {"declared":true,"installed":true,"version":"3.13.1","resolution":"/Users/stevenjang/Desktop/alimentation-middleware/functions/node_modules/firebase-functions/lib/index.js"} {"metadata":{"emulator":{"name":"functions"},"message":"[runtime-status] [33153] Resolved module firebase-functions {\"declared\":true,\"installed\":true,\"version\":\"3.13.1\",\"resolution\":\"/Users/stevenjang/Desktop/alimentation-middleware/functions/node_modules/firebase-functions/lib/index.js\"}"}}
[debug] [2021-02-18T23:41:59.285Z] [runtime-status] [33153] Resolved module firebase-admin {"declared":true,"installed":true,"version":"9.5.0","resolution":"/Users/stevenjang/Desktop/alimentation-middleware/functions/node_modules/firebase-admin/lib/index.js"} {"metadata":{"emulator":{"name":"functions"},"message":"[runtime-status] [33153] Resolved module firebase-admin {\"declared\":true,\"installed\":true,\"version\":\"9.5.0\",\"resolution\":\"/Users/stevenjang/Desktop/alimentation-middleware/functions/node_modules/firebase-admin/lib/index.js\"}"}}
[debug] [2021-02-18T23:41:59.286Z] [runtime-status] [33153] Resolved module firebase-functions {"declared":true,"installed":true,"version":"3.13.1","resolution":"/Users/stevenjang/Desktop/alimentation-middleware/functions/node_modules/firebase-functions/lib/index.js"} {"metadata":{"emulator":{"name":"functions"},"message":"[runtime-status] [33153] Resolved module firebase-functions {\"declared\":true,\"installed\":true,\"version\":\"3.13.1\",\"resolution\":\"/Users/stevenjang/Desktop/alimentation-middleware/functions/node_modules/firebase-functions/lib/index.js\"}"}}
[debug] [2021-02-18T23:41:59.286Z] [runtime-status] [33153] firebase-admin has been stubbed. {"adminResolution":{"declared":true,"installed":true,"version":"9.5.0","resolution":"/Users/stevenjang/Desktop/alimentation-middleware/functions/node_modules/firebase-admin/lib/index.js"}} {"metadata":{"emulator":{"name":"functions"},"message":"[runtime-status] [33153] firebase-admin has been stubbed. {\"adminResolution\":{\"declared\":true,\"installed\":true,\"version\":\"9.5.0\",\"resolution\":\"/Users/stevenjang/Desktop/alimentation-middleware/functions/node_modules/firebase-admin/lib/index.js\"}}"}}
[warn] ⚠  Error: Cannot find module 'apollo-server-express'
Require stack:
- /Users/stevenjang/Desktop/alimentation-middleware/functions/lib/index.js
- /usr/local/lib/node_modules/firebase-tools/lib/emulator/functionsEmulatorRuntime.js
    at Function.Module._resolveFilename (internal/modules/cjs/loader.js:965:15)
    at Function.Module._load (internal/modules/cjs/loader.js:841:27)
    at Module.require (internal/modules/cjs/loader.js:1025:19)
    at require (internal/modules/cjs/helpers.js:72:18)
    at Object.<anonymous> (/Users/stevenjang/Desktop/alimentation-middleware/functions/lib/index.js:13:31)
    at Module._compile (internal/modules/cjs/loader.js:1137:30)
    at Object.Module._extensions..js (internal/modules/cjs/loader.js:1157:10)
    at Module.load (internal/modules/cjs/loader.js:985:32)
    at Function.Module._load (internal/modules/cjs/loader.js:878:14)
    at Module.require (internal/modules/cjs/loader.js:1025:19) {"metadata":{"emulator":{"name":"functions"},"message":"Error: Cannot find module 'apollo-server-express'\nRequire stack:\n- /Users/stevenjang/Desktop/alimentation-middleware/functions/lib/index.js\n- /usr/local/lib/node_modules/firebase-tools/lib/emulator/functionsEmulatorRuntime.js\n    at Function.Module._resolveFilename (internal/modules/cjs/loader.js:965:15)\n    at Function.Module._load (internal/modules/cjs/loader.js:841:27)\n    at Module.require (internal/modules/cjs/loader.js:1025:19)\n    at require (internal/modules/cjs/helpers.js:72:18)\n    at Object.<anonymous> (/Users/stevenjang/Desktop/alimentation-middleware/functions/lib/index.js:13:31)\n    at Module._compile (internal/modules/cjs/loader.js:1137:30)\n    at Object.Module._extensions..js (internal/modules/cjs/loader.js:1157:10)\n    at Module.load (internal/modules/cjs/loader.js:985:32)\n    at Function.Module._load (internal/modules/cjs/loader.js:878:14)\n    at Module.require (internal/modules/cjs/loader.js:1025:19)"}}
[warn] ⚠  We were unable to load your functions code. (see above)
   - It appears your code is written in Typescript, which must be compiled before emulation.
   - You may be able to run "npm run build" in your functions directory to resolve this. {"metadata":{"emulator":{"name":"functions"}}}
[debug] [2021-02-18T23:41:59.431Z] [worker-~diagnostic~-0daa4eae-6c8e-4560-be70-7e94c9ebda35]: exited {"metadata":{"emulator":{"name":"functions"},"message":"[worker-~diagnostic~-0daa4eae-6c8e-4560-be70-7e94c9ebda35]: exited"}}
[debug] [2021-02-18T23:41:59.431Z] [worker-~diagnostic~-0daa4eae-6c8e-4560-be70-7e94c9ebda35]: FINISHED {"metadata":{"emulator":{"name":"functions"},"message":"[worker-~diagnostic~-0daa4eae-6c8e-4560-be70-7e94c9ebda35]: FINISHED"}}
[debug] [2021-02-18T23:43:11.616Z] ----------------------------------------------------------------------
[debug] [2021-02-18T23:43:11.619Z] Command:       /usr/local/bin/node /usr/local/bin/firebase serve
[debug] [2021-02-18T23:43:11.619Z] CLI Version:   9.2.2
[debug] [2021-02-18T23:43:11.619Z] Platform:      darwin
[debug] [2021-02-18T23:43:11.619Z] Node Version:  v12.18.3
[debug] [2021-02-18T23:43:11.621Z] Time:          Thu Feb 18 2021 15:43:11 GMT-0800 (Pacific Standard Time)
[debug] [2021-02-18T23:43:11.621Z] ----------------------------------------------------------------------
[debug] [2021-02-18T23:43:11.621Z] 
[debug] [2021-02-18T23:43:11.632Z] > command requires scopes: ["email","openid","https://www.googleapis.com/auth/cloudplatformprojects.readonly","https://www.googleapis.com/auth/firebase","https://www.googleapis.com/auth/cloud-platform"]
[debug] [2021-02-18T23:43:11.633Z] > authorizing via signed-in user
[debug] [2021-02-18T23:43:11.634Z] [iam] checking project alimentation-851c0 for permissions ["firebase.projects.get"]
[debug] [2021-02-18T23:43:11.637Z] > refreshing access token with scopes: ["email","https://www.googleapis.com/auth/cloud-platform","https://www.googleapis.com/auth/cloudplatformprojects.readonly","https://www.googleapis.com/auth/firebase","openid"]
[debug] [2021-02-18T23:43:11.638Z] >>> HTTP REQUEST POST https://www.googleapis.com/oauth2/v3/token  
 <request body omitted>
[debug] [2021-02-18T23:43:12.279Z] <<< HTTP RESPONSE 200 {"pragma":"no-cache","expires":"Mon, 01 Jan 1990 00:00:00 GMT","cache-control":"no-cache, no-store, max-age=0, must-revalidate","date":"Thu, 18 Feb 2021 23:43:12 GMT","content-type":"application/json; charset=utf-8","vary":"X-Origin, Referer, Origin,Accept-Encoding","server":"scaffolding on HTTPServer2","x-xss-protection":"0","x-frame-options":"SAMEORIGIN","x-content-type-options":"nosniff","alt-svc":"h3-29=\":443\"; ma=2592000,h3-T051=\":443\"; ma=2592000,h3-Q050=\":443\"; ma=2592000,h3-Q046=\":443\"; ma=2592000,h3-Q043=\":443\"; ma=2592000,quic=\":443\"; ma=2592000; v=\"46,43\"","accept-ranges":"none","transfer-encoding":"chunked"}
[debug] [2021-02-18T23:43:12.294Z] >>> HTTP REQUEST POST https://cloudresourcemanager.googleapis.com/v1/projects/alimentation-851c0:testIamPermissions  
 {"permissions":["firebase.projects.get"]}
[debug] [2021-02-18T23:43:13.423Z] <<< HTTP RESPONSE 200 {"content-type":"application/json; charset=UTF-8","vary":"X-Origin, Referer, Origin,Accept-Encoding","date":"Thu, 18 Feb 2021 23:43:13 GMT","server":"ESF","cache-control":"private","x-xss-protection":"0","x-frame-options":"SAMEORIGIN","x-content-type-options":"nosniff","server-timing":"gfet4t7; dur=582","alt-svc":"h3-29=\":443\"; ma=2592000,h3-T051=\":443\"; ma=2592000,h3-Q050=\":443\"; ma=2592000,h3-Q046=\":443\"; ma=2592000,h3-Q043=\":443\"; ma=2592000,quic=\":443\"; ma=2592000; v=\"46,43\"","accept-ranges":"none","transfer-encoding":"chunked"}
[debug] [2021-02-18T23:43:13.426Z] > refreshing access token with scopes: []
[debug] [2021-02-18T23:43:13.427Z] >>> HTTP REQUEST POST https://www.googleapis.com/oauth2/v3/token  
 <request body omitted>
[debug] [2021-02-18T23:43:14.019Z] <<< HTTP RESPONSE 200 {"expires":"Mon, 01 Jan 1990 00:00:00 GMT","date":"Thu, 18 Feb 2021 23:43:14 GMT","pragma":"no-cache","cache-control":"no-cache, no-store, max-age=0, must-revalidate","content-type":"application/json; charset=utf-8","vary":"X-Origin, Referer, Origin,Accept-Encoding","server":"scaffolding on HTTPServer2","x-xss-protection":"0","x-frame-options":"SAMEORIGIN","x-content-type-options":"nosniff","alt-svc":"h3-29=\":443\"; ma=2592000,h3-T051=\":443\"; ma=2592000,h3-Q050=\":443\"; ma=2592000,h3-Q046=\":443\"; ma=2592000,h3-Q043=\":443\"; ma=2592000,quic=\":443\"; ma=2592000; v=\"46,43\"","accept-ranges":"none","transfer-encoding":"chunked"}
[debug] [2021-02-18T23:43:14.035Z] >>> [apiv2][query] GET https://firebase.googleapis.com/v1beta1/projects/alimentation-851c0 [none]
[debug] [2021-02-18T23:43:14.778Z] <<< [apiv2][status] GET https://firebase.googleapis.com/v1beta1/projects/alimentation-851c0 200
[debug] [2021-02-18T23:43:14.779Z] <<< [apiv2][body] GET https://firebase.googleapis.com/v1beta1/projects/alimentation-851c0 {"projectId":"alimentation-851c0","projectNumber":"132252995768","displayName":"alimentation","name":"projects/alimentation-851c0","resources":{"hostingSite":"alimentation-851c0","realtimeDatabaseInstance":"alimentation-851c0-default-rtdb","storageBucket":"alimentation-851c0.appspot.com","locationId":"us-central"},"state":"ACTIVE"}
[info] 
[info] === Serving from '/Users/stevenjang/Desktop/alimentation-middleware'...
[info] 
[info] ✔  functions: Using node@12 from host. {"metadata":{"emulator":{"name":"functions"},"message":"Using node@12 from host."}}
[debug] [2021-02-18T23:43:14.796Z] defaultcredentials: writing to file /Users/stevenjang/.config/firebase/0331steven_gmail_com_application_default_credentials.json
[debug] [2021-02-18T23:43:14.798Z] Setting GAC to /Users/stevenjang/.config/firebase/0331steven_gmail_com_application_default_credentials.json {"metadata":{"emulator":{"name":"functions"},"message":"Setting GAC to /Users/stevenjang/.config/firebase/0331steven_gmail_com_application_default_credentials.json"}}
[debug] [2021-02-18T23:43:14.799Z] >>> [apiv2][query] GET https://firebase.googleapis.com/v1beta1/projects/alimentation-851c0/adminSdkConfig [none]
[debug] [2021-02-18T23:43:15.631Z] <<< [apiv2][status] GET https://firebase.googleapis.com/v1beta1/projects/alimentation-851c0/adminSdkConfig 200
[debug] [2021-02-18T23:43:15.632Z] <<< [apiv2][body] GET https://firebase.googleapis.com/v1beta1/projects/alimentation-851c0/adminSdkConfig {"projectId":"alimentation-851c0","databaseURL":"https://alimentation-851c0-default-rtdb.firebaseio.com","storageBucket":"alimentation-851c0.appspot.com","locationId":"us-central"}
[info] i  functions: Watching "/Users/stevenjang/Desktop/alimentation-middleware/functions" for Cloud Functions... {"metadata":{"emulator":{"name":"functions"},"message":"Watching \"/Users/stevenjang/Desktop/alimentation-middleware/functions\" for Cloud Functions..."}}
[debug] [2021-02-18T23:43:15.673Z] [worker-pool] addWorker(~diagnostic~) {"metadata":{"emulator":{"name":"functions"},"message":"[worker-pool] addWorker(~diagnostic~)"}}
[debug] [2021-02-18T23:43:15.674Z] [worker-pool] Adding worker with key ~diagnostic~, total=1 {"metadata":{"emulator":{"name":"functions"},"message":"[worker-pool] Adding worker with key ~diagnostic~, total=1"}}
[debug] [2021-02-18T23:43:15.674Z] [worker-pool] submitWork(triggerId=) {"metadata":{"emulator":{"name":"functions"},"message":"[worker-pool] submitWork(triggerId=)"}}
[debug] [2021-02-18T23:43:15.675Z] [worker-~diagnostic~-3d152fe9-b1ad-42f1-b3d3-7da83666ac82]: Assigning socketPath: /var/folders/h1/8kjkk_v132j0m5fzcf25bdrr0000gn/T/fire_emu_33259.sock {"metadata":{"emulator":{"name":"functions"},"message":"[worker-~diagnostic~-3d152fe9-b1ad-42f1-b3d3-7da83666ac82]: Assigning socketPath: /var/folders/h1/8kjkk_v132j0m5fzcf25bdrr0000gn/T/fire_emu_33259.sock"}}
[debug] [2021-02-18T23:43:15.675Z] [worker-~diagnostic~-3d152fe9-b1ad-42f1-b3d3-7da83666ac82]: BUSY {"metadata":{"emulator":{"name":"functions"},"message":"[worker-~diagnostic~-3d152fe9-b1ad-42f1-b3d3-7da83666ac82]: BUSY"}}
[debug] [2021-02-18T23:43:15.888Z] [runtime-status] [33259] Functions runtime initialized. {"cwd":"/Users/stevenjang/Desktop/alimentation-middleware/functions","node_version":"12.18.3"} {"metadata":{"emulator":{"name":"functions"},"message":"[runtime-status] [33259] Functions runtime initialized. {\"cwd\":\"/Users/stevenjang/Desktop/alimentation-middleware/functions\",\"node_version\":\"12.18.3\"}"}}
[debug] [2021-02-18T23:43:15.889Z] [runtime-status] [33259] Disabled runtime features: undefined {"metadata":{"emulator":{"name":"functions"},"message":"[runtime-status] [33259] Disabled runtime features: undefined"}}
[debug] [2021-02-18T23:43:15.893Z] [runtime-status] [33259] Resolved module firebase-admin {"declared":true,"installed":true,"version":"9.5.0","resolution":"/Users/stevenjang/Desktop/alimentation-middleware/functions/node_modules/firebase-admin/lib/index.js"} {"metadata":{"emulator":{"name":"functions"},"message":"[runtime-status] [33259] Resolved module firebase-admin {\"declared\":true,\"installed\":true,\"version\":\"9.5.0\",\"resolution\":\"/Users/stevenjang/Desktop/alimentation-middleware/functions/node_modules/firebase-admin/lib/index.js\"}"}}
[debug] [2021-02-18T23:43:15.897Z] [runtime-status] [33259] Resolved module firebase-functions {"declared":true,"installed":true,"version":"3.13.1","resolution":"/Users/stevenjang/Desktop/alimentation-middleware/functions/node_modules/firebase-functions/lib/index.js"} {"metadata":{"emulator":{"name":"functions"},"message":"[runtime-status] [33259] Resolved module firebase-functions {\"declared\":true,\"installed\":true,\"version\":\"3.13.1\",\"resolution\":\"/Users/stevenjang/Desktop/alimentation-middleware/functions/node_modules/firebase-functions/lib/index.js\"}"}}
[debug] [2021-02-18T23:43:15.898Z] [runtime-status] [33259] Resolved module firebase-functions {"declared":true,"installed":true,"version":"3.13.1","resolution":"/Users/stevenjang/Desktop/alimentation-middleware/functions/node_modules/firebase-functions/lib/index.js"} {"metadata":{"emulator":{"name":"functions"},"message":"[runtime-status] [33259] Resolved module firebase-functions {\"declared\":true,\"installed\":true,\"version\":\"3.13.1\",\"resolution\":\"/Users/stevenjang/Desktop/alimentation-middleware/functions/node_modules/firebase-functions/lib/index.js\"}"}}
[debug] [2021-02-18T23:43:15.901Z] [runtime-status] [33259] Outgoing network have been stubbed. [{"name":"http","status":"mocked"},{"name":"http","status":"mocked"},{"name":"https","status":"mocked"},{"name":"https","status":"mocked"},{"name":"net","status":"mocked"}] {"metadata":{"emulator":{"name":"functions"},"message":"[runtime-status] [33259] Outgoing network have been stubbed. [{\"name\":\"http\",\"status\":\"mocked\"},{\"name\":\"http\",\"status\":\"mocked\"},{\"name\":\"https\",\"status\":\"mocked\"},{\"name\":\"https\",\"status\":\"mocked\"},{\"name\":\"net\",\"status\":\"mocked\"}]"}}
[debug] [2021-02-18T23:43:15.902Z] [runtime-status] [33259] Resolved module firebase-functions {"declared":true,"installed":true,"version":"3.13.1","resolution":"/Users/stevenjang/Desktop/alimentation-middleware/functions/node_modules/firebase-functions/lib/index.js"} {"metadata":{"emulator":{"name":"functions"},"message":"[runtime-status] [33259] Resolved module firebase-functions {\"declared\":true,\"installed\":true,\"version\":\"3.13.1\",\"resolution\":\"/Users/stevenjang/Desktop/alimentation-middleware/functions/node_modules/firebase-functions/lib/index.js\"}"}}
[debug] [2021-02-18T23:43:15.986Z] [runtime-status] [33259] Checked functions.config() {"config":{}} {"metadata":{"emulator":{"name":"functions"},"message":"[runtime-status] [33259] Checked functions.config() {\"config\":{}}"}}
[debug] [2021-02-18T23:43:15.986Z] [runtime-status] [33259] firebase-functions has been stubbed. {"functionsResolution":{"declared":true,"installed":true,"version":"3.13.1","resolution":"/Users/stevenjang/Desktop/alimentation-middleware/functions/node_modules/firebase-functions/lib/index.js"}} {"metadata":{"emulator":{"name":"functions"},"message":"[runtime-status] [33259] firebase-functions has been stubbed. {\"functionsResolution\":{\"declared\":true,\"installed\":true,\"version\":\"3.13.1\",\"resolution\":\"/Users/stevenjang/Desktop/alimentation-middleware/functions/node_modules/firebase-functions/lib/index.js\"}}"}}
[debug] [2021-02-18T23:43:15.987Z] [runtime-status] [33259] Resolved module firebase-functions {"declared":true,"installed":true,"version":"3.13.1","resolution":"/Users/stevenjang/Desktop/alimentation-middleware/functions/node_modules/firebase-functions/lib/index.js"} {"metadata":{"emulator":{"name":"functions"},"message":"[runtime-status] [33259] Resolved module firebase-functions {\"declared\":true,\"installed\":true,\"version\":\"3.13.1\",\"resolution\":\"/Users/stevenjang/Desktop/alimentation-middleware/functions/node_modules/firebase-functions/lib/index.js\"}"}}
[debug] [2021-02-18T23:43:15.988Z] [runtime-status] [33259] Resolved module firebase-admin {"declared":true,"installed":true,"version":"9.5.0","resolution":"/Users/stevenjang/Desktop/alimentation-middleware/functions/node_modules/firebase-admin/lib/index.js"} {"metadata":{"emulator":{"name":"functions"},"message":"[runtime-status] [33259] Resolved module firebase-admin {\"declared\":true,\"installed\":true,\"version\":\"9.5.0\",\"resolution\":\"/Users/stevenjang/Desktop/alimentation-middleware/functions/node_modules/firebase-admin/lib/index.js\"}"}}
[debug] [2021-02-18T23:43:15.989Z] [runtime-status] [33259] Resolved module firebase-functions {"declared":true,"installed":true,"version":"3.13.1","resolution":"/Users/stevenjang/Desktop/alimentation-middleware/functions/node_modules/firebase-functions/lib/index.js"} {"metadata":{"emulator":{"name":"functions"},"message":"[runtime-status] [33259] Resolved module firebase-functions {\"declared\":true,\"installed\":true,\"version\":\"3.13.1\",\"resolution\":\"/Users/stevenjang/Desktop/alimentation-middleware/functions/node_modules/firebase-functions/lib/index.js\"}"}}
[debug] [2021-02-18T23:43:15.989Z] [runtime-status] [33259] firebase-admin has been stubbed. {"adminResolution":{"declared":true,"installed":true,"version":"9.5.0","resolution":"/Users/stevenjang/Desktop/alimentation-middleware/functions/node_modules/firebase-admin/lib/index.js"}} {"metadata":{"emulator":{"name":"functions"},"message":"[runtime-status] [33259] firebase-admin has been stubbed. {\"adminResolution\":{\"declared\":true,\"installed\":true,\"version\":\"9.5.0\",\"resolution\":\"/Users/stevenjang/Desktop/alimentation-middleware/functions/node_modules/firebase-admin/lib/index.js\"}}"}}
[warn] ⚠  Error: Cannot find module 'graphql'
Require stack:
- /Users/stevenjang/Desktop/alimentation-middleware/node_modules/apollo-server-errors/dist/index.js
- /Users/stevenjang/Desktop/alimentation-middleware/node_modules/apollo-server-core/dist/runHttpQuery.js
- /Users/stevenjang/Desktop/alimentation-middleware/node_modules/apollo-server-core/dist/index.js
- /Users/stevenjang/Desktop/alimentation-middleware/node_modules/apollo-server-express/dist/index.js
- /Users/stevenjang/Desktop/alimentation-middleware/functions/lib/index.js
- /usr/local/lib/node_modules/firebase-tools/lib/emulator/functionsEmulatorRuntime.js
    at Function.Module._resolveFilename (internal/modules/cjs/loader.js:965:15)
    at Function.Module._load (internal/modules/cjs/loader.js:841:27)
    at Module.require (internal/modules/cjs/loader.js:1025:19)
    at require (internal/modules/cjs/helpers.js:72:18)
    at Object.<anonymous> (/Users/stevenjang/Desktop/alimentation-middleware/node_modules/apollo-server-errors/dist/index.js:4:19)
    at Module._compile (internal/modules/cjs/loader.js:1137:30)
    at Object.Module._extensions..js (internal/modules/cjs/loader.js:1157:10)
    at Module.load (internal/modules/cjs/loader.js:985:32)
    at Function.Module._load (internal/modules/cjs/loader.js:878:14)
    at Module.require (internal/modules/cjs/loader.js:1025:19) {"metadata":{"emulator":{"name":"functions"},"message":"Error: Cannot find module 'graphql'\nRequire stack:\n- /Users/stevenjang/Desktop/alimentation-middleware/node_modules/apollo-server-errors/dist/index.js\n- /Users/stevenjang/Desktop/alimentation-middleware/node_modules/apollo-server-core/dist/runHttpQuery.js\n- /Users/stevenjang/Desktop/alimentation-middleware/node_modules/apollo-server-core/dist/index.js\n- /Users/stevenjang/Desktop/alimentation-middleware/node_modules/apollo-server-express/dist/index.js\n- /Users/stevenjang/Desktop/alimentation-middleware/functions/lib/index.js\n- /usr/local/lib/node_modules/firebase-tools/lib/emulator/functionsEmulatorRuntime.js\n    at Function.Module._resolveFilename (internal/modules/cjs/loader.js:965:15)\n    at Function.Module._load (internal/modules/cjs/loader.js:841:27)\n    at Module.require (internal/modules/cjs/loader.js:1025:19)\n    at require (internal/modules/cjs/helpers.js:72:18)\n    at Object.<anonymous> (/Users/stevenjang/Desktop/alimentation-middleware/node_modules/apollo-server-errors/dist/index.js:4:19)\n    at Module._compile (internal/modules/cjs/loader.js:1137:30)\n    at Object.Module._extensions..js (internal/modules/cjs/loader.js:1157:10)\n    at Module.load (internal/modules/cjs/loader.js:985:32)\n    at Function.Module._load (internal/modules/cjs/loader.js:878:14)\n    at Module.require (internal/modules/cjs/loader.js:1025:19)"}}
[warn] ⚠  We were unable to load your functions code. (see above)
   - It appears your code is written in Typescript, which must be compiled before emulation.
   - You may be able to run "npm run build" in your functions directory to resolve this. {"metadata":{"emulator":{"name":"functions"}}}
[debug] [2021-02-18T23:43:16.126Z] [worker-~diagnostic~-3d152fe9-b1ad-42f1-b3d3-7da83666ac82]: exited {"metadata":{"emulator":{"name":"functions"},"message":"[worker-~diagnostic~-3d152fe9-b1ad-42f1-b3d3-7da83666ac82]: exited"}}
[debug] [2021-02-18T23:43:16.127Z] [worker-~diagnostic~-3d152fe9-b1ad-42f1-b3d3-7da83666ac82]: FINISHED {"metadata":{"emulator":{"name":"functions"},"message":"[worker-~diagnostic~-3d152fe9-b1ad-42f1-b3d3-7da83666ac82]: FINISHED"}}
[debug] [2021-02-18T23:50:15.104Z] ----------------------------------------------------------------------
[debug] [2021-02-18T23:50:15.107Z] Command:       /usr/local/bin/node /usr/local/bin/firebase serve
[debug] [2021-02-18T23:50:15.107Z] CLI Version:   9.2.2
[debug] [2021-02-18T23:50:15.107Z] Platform:      darwin
[debug] [2021-02-18T23:50:15.107Z] Node Version:  v12.18.3
[debug] [2021-02-18T23:50:15.109Z] Time:          Thu Feb 18 2021 15:50:15 GMT-0800 (Pacific Standard Time)
[debug] [2021-02-18T23:50:15.109Z] ----------------------------------------------------------------------
[debug] [2021-02-18T23:50:15.109Z] 
[debug] [2021-02-18T23:50:15.120Z] > command requires scopes: ["email","openid","https://www.googleapis.com/auth/cloudplatformprojects.readonly","https://www.googleapis.com/auth/firebase","https://www.googleapis.com/auth/cloud-platform"]
[debug] [2021-02-18T23:50:15.121Z] > authorizing via signed-in user
[debug] [2021-02-18T23:50:15.121Z] [iam] checking project alimentation-851c0 for permissions ["firebase.projects.get"]
[debug] [2021-02-18T23:50:15.125Z] > refreshing access token with scopes: ["email","https://www.googleapis.com/auth/cloud-platform","https://www.googleapis.com/auth/cloudplatformprojects.readonly","https://www.googleapis.com/auth/firebase","openid"]
[debug] [2021-02-18T23:50:15.125Z] >>> HTTP REQUEST POST https://www.googleapis.com/oauth2/v3/token  
 <request body omitted>
[debug] [2021-02-18T23:50:15.750Z] <<< HTTP RESPONSE 200 {"cache-control":"no-cache, no-store, max-age=0, must-revalidate","pragma":"no-cache","expires":"Mon, 01 Jan 1990 00:00:00 GMT","date":"Thu, 18 Feb 2021 23:50:15 GMT","content-type":"application/json; charset=utf-8","vary":"X-Origin, Referer, Origin,Accept-Encoding","server":"scaffolding on HTTPServer2","x-xss-protection":"0","x-frame-options":"SAMEORIGIN","x-content-type-options":"nosniff","alt-svc":"h3-29=\":443\"; ma=2592000,h3-T051=\":443\"; ma=2592000,h3-Q050=\":443\"; ma=2592000,h3-Q046=\":443\"; ma=2592000,h3-Q043=\":443\"; ma=2592000,quic=\":443\"; ma=2592000; v=\"46,43\"","accept-ranges":"none","transfer-encoding":"chunked"}
[debug] [2021-02-18T23:50:15.768Z] >>> HTTP REQUEST POST https://cloudresourcemanager.googleapis.com/v1/projects/alimentation-851c0:testIamPermissions  
 {"permissions":["firebase.projects.get"]}
[debug] [2021-02-18T23:50:17.105Z] <<< HTTP RESPONSE 200 {"content-type":"application/json; charset=UTF-8","vary":"X-Origin, Referer, Origin,Accept-Encoding","date":"Thu, 18 Feb 2021 23:50:17 GMT","server":"ESF","cache-control":"private","x-xss-protection":"0","x-frame-options":"SAMEORIGIN","x-content-type-options":"nosniff","server-timing":"gfet4t7; dur=580","alt-svc":"h3-29=\":443\"; ma=2592000,h3-T051=\":443\"; ma=2592000,h3-Q050=\":443\"; ma=2592000,h3-Q046=\":443\"; ma=2592000,h3-Q043=\":443\"; ma=2592000,quic=\":443\"; ma=2592000; v=\"46,43\"","accept-ranges":"none","transfer-encoding":"chunked"}
[debug] [2021-02-18T23:50:17.108Z] > refreshing access token with scopes: []
[debug] [2021-02-18T23:50:17.109Z] >>> HTTP REQUEST POST https://www.googleapis.com/oauth2/v3/token  
 <request body omitted>
[debug] [2021-02-18T23:50:17.700Z] <<< HTTP RESPONSE 200 {"pragma":"no-cache","cache-control":"no-cache, no-store, max-age=0, must-revalidate","expires":"Mon, 01 Jan 1990 00:00:00 GMT","date":"Thu, 18 Feb 2021 23:50:17 GMT","content-type":"application/json; charset=utf-8","vary":"X-Origin, Referer, Origin,Accept-Encoding","server":"scaffolding on HTTPServer2","x-xss-protection":"0","x-frame-options":"SAMEORIGIN","x-content-type-options":"nosniff","alt-svc":"h3-29=\":443\"; ma=2592000,h3-T051=\":443\"; ma=2592000,h3-Q050=\":443\"; ma=2592000,h3-Q046=\":443\"; ma=2592000,h3-Q043=\":443\"; ma=2592000,quic=\":443\"; ma=2592000; v=\"46,43\"","accept-ranges":"none","transfer-encoding":"chunked"}
[debug] [2021-02-18T23:50:17.716Z] >>> [apiv2][query] GET https://firebase.googleapis.com/v1beta1/projects/alimentation-851c0 [none]
[debug] [2021-02-18T23:50:18.470Z] <<< [apiv2][status] GET https://firebase.googleapis.com/v1beta1/projects/alimentation-851c0 200
[debug] [2021-02-18T23:50:18.471Z] <<< [apiv2][body] GET https://firebase.googleapis.com/v1beta1/projects/alimentation-851c0 {"projectId":"alimentation-851c0","projectNumber":"132252995768","displayName":"alimentation","name":"projects/alimentation-851c0","resources":{"hostingSite":"alimentation-851c0","realtimeDatabaseInstance":"alimentation-851c0-default-rtdb","storageBucket":"alimentation-851c0.appspot.com","locationId":"us-central"},"state":"ACTIVE"}
[info] 
[info] === Serving from '/Users/stevenjang/Desktop/alimentation-middleware'...
[info] 
[info] ✔  functions: Using node@12 from host. {"metadata":{"emulator":{"name":"functions"},"message":"Using node@12 from host."}}
[debug] [2021-02-18T23:50:18.489Z] defaultcredentials: writing to file /Users/stevenjang/.config/firebase/0331steven_gmail_com_application_default_credentials.json
[debug] [2021-02-18T23:50:18.491Z] Setting GAC to /Users/stevenjang/.config/firebase/0331steven_gmail_com_application_default_credentials.json {"metadata":{"emulator":{"name":"functions"},"message":"Setting GAC to /Users/stevenjang/.config/firebase/0331steven_gmail_com_application_default_credentials.json"}}
[debug] [2021-02-18T23:50:18.492Z] >>> [apiv2][query] GET https://firebase.googleapis.com/v1beta1/projects/alimentation-851c0/adminSdkConfig [none]
[debug] [2021-02-18T23:50:19.409Z] <<< [apiv2][status] GET https://firebase.googleapis.com/v1beta1/projects/alimentation-851c0/adminSdkConfig 200
[debug] [2021-02-18T23:50:19.409Z] <<< [apiv2][body] GET https://firebase.googleapis.com/v1beta1/projects/alimentation-851c0/adminSdkConfig {"projectId":"alimentation-851c0","databaseURL":"https://alimentation-851c0-default-rtdb.firebaseio.com","storageBucket":"alimentation-851c0.appspot.com","locationId":"us-central"}
[info] i  functions: Watching "/Users/stevenjang/Desktop/alimentation-middleware/functions" for Cloud Functions... {"metadata":{"emulator":{"name":"functions"},"message":"Watching \"/Users/stevenjang/Desktop/alimentation-middleware/functions\" for Cloud Functions..."}}
[debug] [2021-02-18T23:50:19.451Z] [worker-pool] addWorker(~diagnostic~) {"metadata":{"emulator":{"name":"functions"},"message":"[worker-pool] addWorker(~diagnostic~)"}}
[debug] [2021-02-18T23:50:19.452Z] [worker-pool] Adding worker with key ~diagnostic~, total=1 {"metadata":{"emulator":{"name":"functions"},"message":"[worker-pool] Adding worker with key ~diagnostic~, total=1"}}
[debug] [2021-02-18T23:50:19.452Z] [worker-pool] submitWork(triggerId=) {"metadata":{"emulator":{"name":"functions"},"message":"[worker-pool] submitWork(triggerId=)"}}
[debug] [2021-02-18T23:50:19.452Z] [worker-~diagnostic~-3d95cfc1-7d4b-42b3-a4bd-b4bde6aa4356]: Assigning socketPath: /var/folders/h1/8kjkk_v132j0m5fzcf25bdrr0000gn/T/fire_emu_33689.sock {"metadata":{"emulator":{"name":"functions"},"message":"[worker-~diagnostic~-3d95cfc1-7d4b-42b3-a4bd-b4bde6aa4356]: Assigning socketPath: /var/folders/h1/8kjkk_v132j0m5fzcf25bdrr0000gn/T/fire_emu_33689.sock"}}
[debug] [2021-02-18T23:50:19.453Z] [worker-~diagnostic~-3d95cfc1-7d4b-42b3-a4bd-b4bde6aa4356]: BUSY {"metadata":{"emulator":{"name":"functions"},"message":"[worker-~diagnostic~-3d95cfc1-7d4b-42b3-a4bd-b4bde6aa4356]: BUSY"}}
[debug] [2021-02-18T23:50:19.599Z] [runtime-status] [33689] Functions runtime initialized. {"cwd":"/Users/stevenjang/Desktop/alimentation-middleware/functions","node_version":"12.18.3"} {"metadata":{"emulator":{"name":"functions"},"message":"[runtime-status] [33689] Functions runtime initialized. {\"cwd\":\"/Users/stevenjang/Desktop/alimentation-middleware/functions\",\"node_version\":\"12.18.3\"}"}}
[debug] [2021-02-18T23:50:19.599Z] [runtime-status] [33689] Disabled runtime features: undefined {"metadata":{"emulator":{"name":"functions"},"message":"[runtime-status] [33689] Disabled runtime features: undefined"}}
[debug] [2021-02-18T23:50:19.602Z] [runtime-status] [33689] Resolved module firebase-admin {"declared":true,"installed":true,"version":"9.5.0","resolution":"/Users/stevenjang/Desktop/alimentation-middleware/functions/node_modules/firebase-admin/lib/index.js"} {"metadata":{"emulator":{"name":"functions"},"message":"[runtime-status] [33689] Resolved module firebase-admin {\"declared\":true,\"installed\":true,\"version\":\"9.5.0\",\"resolution\":\"/Users/stevenjang/Desktop/alimentation-middleware/functions/node_modules/firebase-admin/lib/index.js\"}"}}
[debug] [2021-02-18T23:50:19.604Z] [runtime-status] [33689] Resolved module firebase-functions {"declared":true,"installed":true,"version":"3.13.1","resolution":"/Users/stevenjang/Desktop/alimentation-middleware/functions/node_modules/firebase-functions/lib/index.js"} {"metadata":{"emulator":{"name":"functions"},"message":"[runtime-status] [33689] Resolved module firebase-functions {\"declared\":true,\"installed\":true,\"version\":\"3.13.1\",\"resolution\":\"/Users/stevenjang/Desktop/alimentation-middleware/functions/node_modules/firebase-functions/lib/index.js\"}"}}
[debug] [2021-02-18T23:50:19.605Z] [runtime-status] [33689] Resolved module firebase-functions {"declared":true,"installed":true,"version":"3.13.1","resolution":"/Users/stevenjang/Desktop/alimentation-middleware/functions/node_modules/firebase-functions/lib/index.js"} {"metadata":{"emulator":{"name":"functions"},"message":"[runtime-status] [33689] Resolved module firebase-functions {\"declared\":true,\"installed\":true,\"version\":\"3.13.1\",\"resolution\":\"/Users/stevenjang/Desktop/alimentation-middleware/functions/node_modules/firebase-functions/lib/index.js\"}"}}
[debug] [2021-02-18T23:50:19.607Z] [runtime-status] [33689] Outgoing network have been stubbed. [{"name":"http","status":"mocked"},{"name":"http","status":"mocked"},{"name":"https","status":"mocked"},{"name":"https","status":"mocked"},{"name":"net","status":"mocked"}] {"metadata":{"emulator":{"name":"functions"},"message":"[runtime-status] [33689] Outgoing network have been stubbed. [{\"name\":\"http\",\"status\":\"mocked\"},{\"name\":\"http\",\"status\":\"mocked\"},{\"name\":\"https\",\"status\":\"mocked\"},{\"name\":\"https\",\"status\":\"mocked\"},{\"name\":\"net\",\"status\":\"mocked\"}]"}}
[debug] [2021-02-18T23:50:19.607Z] [runtime-status] [33689] Resolved module firebase-functions {"declared":true,"installed":true,"version":"3.13.1","resolution":"/Users/stevenjang/Desktop/alimentation-middleware/functions/node_modules/firebase-functions/lib/index.js"} {"metadata":{"emulator":{"name":"functions"},"message":"[runtime-status] [33689] Resolved module firebase-functions {\"declared\":true,\"installed\":true,\"version\":\"3.13.1\",\"resolution\":\"/Users/stevenjang/Desktop/alimentation-middleware/functions/node_modules/firebase-functions/lib/index.js\"}"}}
[debug] [2021-02-18T23:50:19.657Z] [runtime-status] [33689] Checked functions.config() {"config":{}} {"metadata":{"emulator":{"name":"functions"},"message":"[runtime-status] [33689] Checked functions.config() {\"config\":{}}"}}
[debug] [2021-02-18T23:50:19.658Z] [runtime-status] [33689] firebase-functions has been stubbed. {"functionsResolution":{"declared":true,"installed":true,"version":"3.13.1","resolution":"/Users/stevenjang/Desktop/alimentation-middleware/functions/node_modules/firebase-functions/lib/index.js"}} {"metadata":{"emulator":{"name":"functions"},"message":"[runtime-status] [33689] firebase-functions has been stubbed. {\"functionsResolution\":{\"declared\":true,\"installed\":true,\"version\":\"3.13.1\",\"resolution\":\"/Users/stevenjang/Desktop/alimentation-middleware/functions/node_modules/firebase-functions/lib/index.js\"}}"}}
[debug] [2021-02-18T23:50:19.658Z] [runtime-status] [33689] Resolved module firebase-functions {"declared":true,"installed":true,"version":"3.13.1","resolution":"/Users/stevenjang/Desktop/alimentation-middleware/functions/node_modules/firebase-functions/lib/index.js"} {"metadata":{"emulator":{"name":"functions"},"message":"[runtime-status] [33689] Resolved module firebase-functions {\"declared\":true,\"installed\":true,\"version\":\"3.13.1\",\"resolution\":\"/Users/stevenjang/Desktop/alimentation-middleware/functions/node_modules/firebase-functions/lib/index.js\"}"}}
[debug] [2021-02-18T23:50:19.658Z] [runtime-status] [33689] Resolved module firebase-admin {"declared":true,"installed":true,"version":"9.5.0","resolution":"/Users/stevenjang/Desktop/alimentation-middleware/functions/node_modules/firebase-admin/lib/index.js"} {"metadata":{"emulator":{"name":"functions"},"message":"[runtime-status] [33689] Resolved module firebase-admin {\"declared\":true,\"installed\":true,\"version\":\"9.5.0\",\"resolution\":\"/Users/stevenjang/Desktop/alimentation-middleware/functions/node_modules/firebase-admin/lib/index.js\"}"}}
[debug] [2021-02-18T23:50:19.659Z] [runtime-status] [33689] Resolved module firebase-functions {"declared":true,"installed":true,"version":"3.13.1","resolution":"/Users/stevenjang/Desktop/alimentation-middleware/functions/node_modules/firebase-functions/lib/index.js"} {"metadata":{"emulator":{"name":"functions"},"message":"[runtime-status] [33689] Resolved module firebase-functions {\"declared\":true,\"installed\":true,\"version\":\"3.13.1\",\"resolution\":\"/Users/stevenjang/Desktop/alimentation-middleware/functions/node_modules/firebase-functions/lib/index.js\"}"}}
[debug] [2021-02-18T23:50:19.659Z] [runtime-status] [33689] firebase-admin has been stubbed. {"adminResolution":{"declared":true,"installed":true,"version":"9.5.0","resolution":"/Users/stevenjang/Desktop/alimentation-middleware/functions/node_modules/firebase-admin/lib/index.js"}} {"metadata":{"emulator":{"name":"functions"},"message":"[runtime-status] [33689] firebase-admin has been stubbed. {\"adminResolution\":{\"declared\":true,\"installed\":true,\"version\":\"9.5.0\",\"resolution\":\"/Users/stevenjang/Desktop/alimentation-middleware/functions/node_modules/firebase-admin/lib/index.js\"}}"}}
[debug] [2021-02-18T23:50:20.644Z] [runtime-status] [33689] initializeApp(DEFAULT) {"credential":{"implicit":false,"projectId":"alimentation-851c0","privateKey":"-----BEGIN PRIVATE KEY-----\nMIIEvgIBADANBgkqhkiG9w0BAQEFAASCBKgwggSkAgEAAoIBAQDB01VEF2xo5gtk\nQ8j+fm6EtTUVLYA8DmgE8+l1flP4YFYhZcsgrWm7q4NuqhduuAQuFTsecKCSZBVC\ndOVfCPv84dicsL0UCRlIOhg0p98CU8HBOuXAdZAJrI9fOhK9/v8ePJIwdzs0V+C7\nFSTbdLn/SILVrn+NNCt8dCjR4PNwHKLXVU4aH6GLKIZJm+0oUe7L4fD6HlFV2Ti0\nXe69mSMBjI085giSbE+DtW5frX9Tfo+7bYSUnAMVdhiNgkNbe2GPT1jhsNygCvgJ\ny5tffTWohBe876wwRKdWJWcHF1Xb2QbLDlkxha1otyaUNWicp7w992zTWD2FdUDA\n5y1loLoZAgMBAAECggEASzlU309j8LZPd4NjT3oMNI8LYgO9wBErR7jOQ55awovJ\nAb86/Zyv63keUmXLIFpkrOnqft7hQs96/MbXenHHMpcIdY+WYl9Bo6mAWXdJcuLE\n0NSl9HLsCwUgw6mLOpfrtXV2mz67CI6Olq0XF+EOisg+luXZdRjpQ6zlZscyU7Dr\nTZfFwaRPanVEeDDAR4+/L0G1XUBCfnIBqDnvmLfVccbNJwl6Nbsip4A7qkoxzGog\nUCz7VwH8ZAbUoK9m9siysRHQRr9i9BdZkFirTU7rTmrC9QwdusA4rpo8FcLqFD+E\nVpxgcQwLzITW110yCh3vT8LNkKPacNHKP4aCW5X8jQKBgQD7Pp0ureXFpWFAYOIA\nTOmcnRPbOiy74LgE/+/NSPFEU0wlaoFnJ7qtfOj/WZy8wmKISA6n8YaA9D59qqt0\nkl0tdeWoeY2bhGi/5SHwqDrT9qmBTq6xYGbwGCIR0c9YOZjMct74gcOA7wyPPM/x\npp9VzWXGruVPosXqabM1ucwoIwKBgQDFfn/d3beCHHbLi7wVndxNFHTNpTw8zyKC\nZlIhypNBXuM5xtUQDsxSMha19KUDwszumPMnCWPhJFrvqtkQ2XyjLXJpbwkZRsTG\nhiDt1rW1c4LopHj5DU1znj58u6CLCJWh67gEkY8Yl2llusbJthdIIzBmIBYuPlp6\nytxiVnd6kwKBgQDB1/ll/n19FLAH/7ffC3higT7Esgm5mxPfp6fY9yJO2QWzCI12\njUyWdf0+pmErsb5b71x/bvWboNZmFrvaYOLLJF9gsQf0qSA4jgy1pNZem70EKzTV\nXc+OBtCidwJGy4l8lFQ738J7Q/Sovv6hLzFX/fU8acw6uReCWLMQDJ3biQKBgAOe\ngtddBczjmqW2RNccknnzIwTVv1nZ7eb32w91d+ddxso7Q5JMwx/KfTIObqu3+Sty\nMBqKCIOKuAPmXJ37blZLMeqOt1r4OgjtUlMpeSD/IeoDgZgGz2GMB9cfVRzXJm7W\nNAQZasbnl23e01/E735J7swgUGe+isfvScSfkwbzAoGBAI2K4H5dMk3LUlvHuLBs\n9xYr23O7rlKJIHty8Ad1UrzN7+NofYl4L5xjsQiWhKewqpx9zbiwFFfb5KpD09bG\nUUgfIXkwPKLcyBXH80jmVsnvtiAPldZ6Sonwc3ajtTr02ZLXlP9N+e4jn6raT1/c\nW55BGwDWbHnQmWm7ID2PRHRA\n-----END PRIVATE KEY-----\n","clientEmail":"firebase-adminsdk-ghv68@alimentation-851c0.iam.gserviceaccount.com","httpClient":{"retry":{"maxRetries":4,"statusCodes":[503],"ioErrorCodes":["ECONNRESET","ETIMEDOUT"],"backOffFactor":0.5,"maxDelayInMillis":60000}}},"databaseURL":"https://alimentation-851c0-default-rtdb.firebaseio.com"} {"metadata":{"emulator":{"name":"functions"},"message":"[runtime-status] [33689] initializeApp(DEFAULT) {\"credential\":{\"implicit\":false,\"projectId\":\"alimentation-851c0\",\"privateKey\":\"-----BEGIN PRIVATE KEY-----\\nMIIEvgIBADANBgkqhkiG9w0BAQEFAASCBKgwggSkAgEAAoIBAQDB01VEF2xo5gtk\\nQ8j+fm6EtTUVLYA8DmgE8+l1flP4YFYhZcsgrWm7q4NuqhduuAQuFTsecKCSZBVC\\ndOVfCPv84dicsL0UCRlIOhg0p98CU8HBOuXAdZAJrI9fOhK9/v8ePJIwdzs0V+C7\\nFSTbdLn/SILVrn+NNCt8dCjR4PNwHKLXVU4aH6GLKIZJm+0oUe7L4fD6HlFV2Ti0\\nXe69mSMBjI085giSbE+DtW5frX9Tfo+7bYSUnAMVdhiNgkNbe2GPT1jhsNygCvgJ\\ny5tffTWohBe876wwRKdWJWcHF1Xb2QbLDlkxha1otyaUNWicp7w992zTWD2FdUDA\\n5y1loLoZAgMBAAECggEASzlU309j8LZPd4NjT3oMNI8LYgO9wBErR7jOQ55awovJ\\nAb86/Zyv63keUmXLIFpkrOnqft7hQs96/MbXenHHMpcIdY+WYl9Bo6mAWXdJcuLE\\n0NSl9HLsCwUgw6mLOpfrtXV2mz67CI6Olq0XF+EOisg+luXZdRjpQ6zlZscyU7Dr\\nTZfFwaRPanVEeDDAR4+/L0G1XUBCfnIBqDnvmLfVccbNJwl6Nbsip4A7qkoxzGog\\nUCz7VwH8ZAbUoK9m9siysRHQRr9i9BdZkFirTU7rTmrC9QwdusA4rpo8FcLqFD+E\\nVpxgcQwLzITW110yCh3vT8LNkKPacNHKP4aCW5X8jQKBgQD7Pp0ureXFpWFAYOIA\\nTOmcnRPbOiy74LgE/+/NSPFEU0wlaoFnJ7qtfOj/WZy8wmKISA6n8YaA9D59qqt0\\nkl0tdeWoeY2bhGi/5SHwqDrT9qmBTq6xYGbwGCIR0c9YOZjMct74gcOA7wyPPM/x\\npp9VzWXGruVPosXqabM1ucwoIwKBgQDFfn/d3beCHHbLi7wVndxNFHTNpTw8zyKC\\nZlIhypNBXuM5xtUQDsxSMha19KUDwszumPMnCWPhJFrvqtkQ2XyjLXJpbwkZRsTG\\nhiDt1rW1c4LopHj5DU1znj58u6CLCJWh67gEkY8Yl2llusbJthdIIzBmIBYuPlp6\\nytxiVnd6kwKBgQDB1/ll/n19FLAH/7ffC3higT7Esgm5mxPfp6fY9yJO2QWzCI12\\njUyWdf0+pmErsb5b71x/bvWboNZmFrvaYOLLJF9gsQf0qSA4jgy1pNZem70EKzTV\\nXc+OBtCidwJGy4l8lFQ738J7Q/Sovv6hLzFX/fU8acw6uReCWLMQDJ3biQKBgAOe\\ngtddBczjmqW2RNccknnzIwTVv1nZ7eb32w91d+ddxso7Q5JMwx/KfTIObqu3+Sty\\nMBqKCIOKuAPmXJ37blZLMeqOt1r4OgjtUlMpeSD/IeoDgZgGz2GMB9cfVRzXJm7W\\nNAQZasbnl23e01/E735J7swgUGe+isfvScSfkwbzAoGBAI2K4H5dMk3LUlvHuLBs\\n9xYr23O7rlKJIHty8Ad1UrzN7+NofYl4L5xjsQiWhKewqpx9zbiwFFfb5KpD09bG\\nUUgfIXkwPKLcyBXH80jmVsnvtiAPldZ6Sonwc3ajtTr02ZLXlP9N+e4jn6raT1/c\\nW55BGwDWbHnQmWm7ID2PRHRA\\n-----END PRIVATE KEY-----\\n\",\"clientEmail\":\"firebase-adminsdk-ghv68@alimentation-851c0.iam.gserviceaccount.com\",\"httpClient\":{\"retry\":{\"maxRetries\":4,\"statusCodes\":[503],\"ioErrorCodes\":[\"ECONNRESET\",\"ETIMEDOUT\"],\"backOffFactor\":0.5,\"maxDelayInMillis\":60000}}},\"databaseURL\":\"https://alimentation-851c0-default-rtdb.firebaseio.com\"}"}}
[warn] ⚠  GraphQLError: Syntax Error: Expected Name, found "[".
    at syntaxError (/Users/stevenjang/Desktop/alimentation-middleware/node_modules/graphql/error/syntaxError.js:15:10)
    at Parser.expectToken (/Users/stevenjang/Desktop/alimentation-middleware/node_modules/graphql/language/parser.js:1413:40)
    at Parser.parseName (/Users/stevenjang/Desktop/alimentation-middleware/node_modules/graphql/language/parser.js:98:22)
    at Parser.parseFieldDefinition (/Users/stevenjang/Desktop/alimentation-middleware/node_modules/graphql/language/parser.js:879:21)
    at Parser.optionalMany (/Users/stevenjang/Desktop/alimentation-middleware/node_modules/graphql/language/parser.js:1503:28)
    at Parser.parseFieldsDefinition (/Users/stevenjang/Desktop/alimentation-middleware/node_modules/graphql/language/parser.js:868:17)
    at Parser.parseObjectTypeDefinition (/Users/stevenjang/Desktop/alimentation-middleware/node_modules/graphql/language/parser.js:812:23)
    at Parser.parseTypeSystemDefinition (/Users/stevenjang/Desktop/alimentation-middleware/node_modules/graphql/language/parser.js:708:23)
    at Parser.parseDefinition (/Users/stevenjang/Desktop/alimentation-middleware/node_modules/graphql/language/parser.js:150:23)
    at Parser.many (/Users/stevenjang/Desktop/alimentation-middleware/node_modules/graphql/language/parser.js:1523:26) {"metadata":{"emulator":{"name":"functions"},"message":"GraphQLError: Syntax Error: Expected Name, found \"[\".\n    at syntaxError (/Users/stevenjang/Desktop/alimentation-middleware/node_modules/graphql/error/syntaxError.js:15:10)\n    at Parser.expectToken (/Users/stevenjang/Desktop/alimentation-middleware/node_modules/graphql/language/parser.js:1413:40)\n    at Parser.parseName (/Users/stevenjang/Desktop/alimentation-middleware/node_modules/graphql/language/parser.js:98:22)\n    at Parser.parseFieldDefinition (/Users/stevenjang/Desktop/alimentation-middleware/node_modules/graphql/language/parser.js:879:21)\n    at Parser.optionalMany (/Users/stevenjang/Desktop/alimentation-middleware/node_modules/graphql/language/parser.js:1503:28)\n    at Parser.parseFieldsDefinition (/Users/stevenjang/Desktop/alimentation-middleware/node_modules/graphql/language/parser.js:868:17)\n    at Parser.parseObjectTypeDefinition (/Users/stevenjang/Desktop/alimentation-middleware/node_modules/graphql/language/parser.js:812:23)\n    at Parser.parseTypeSystemDefinition (/Users/stevenjang/Desktop/alimentation-middleware/node_modules/graphql/language/parser.js:708:23)\n    at Parser.parseDefinition (/Users/stevenjang/Desktop/alimentation-middleware/node_modules/graphql/language/parser.js:150:23)\n    at Parser.many (/Users/stevenjang/Desktop/alimentation-middleware/node_modules/graphql/language/parser.js:1523:26)"}}
[warn] ⚠  We were unable to load your functions code. (see above)
   - It appears your code is written in Typescript, which must be compiled before emulation.
   - You may be able to run "npm run build" in your functions directory to resolve this. {"metadata":{"emulator":{"name":"functions"}}}
[debug] [2021-02-18T23:50:20.670Z] [worker-~diagnostic~-3d95cfc1-7d4b-42b3-a4bd-b4bde6aa4356]: exited {"metadata":{"emulator":{"name":"functions"},"message":"[worker-~diagnostic~-3d95cfc1-7d4b-42b3-a4bd-b4bde6aa4356]: exited"}}
[debug] [2021-02-18T23:50:20.670Z] [worker-~diagnostic~-3d95cfc1-7d4b-42b3-a4bd-b4bde6aa4356]: FINISHED {"metadata":{"emulator":{"name":"functions"},"message":"[worker-~diagnostic~-3d95cfc1-7d4b-42b3-a4bd-b4bde6aa4356]: FINISHED"}}
[debug] [2021-02-18T23:51:48.100Z] File /Users/stevenjang/Desktop/alimentation-middleware/functions/src/index.ts changed, reloading triggers {"metadata":{"emulator":{"name":"functions"},"message":"File /Users/stevenjang/Desktop/alimentation-middleware/functions/src/index.ts changed, reloading triggers"}}
[debug] [2021-02-18T23:51:49.103Z] [worker-pool] Cleaned up workers for ~diagnostic~: 1 --> 0 {"metadata":{"emulator":{"name":"functions"},"message":"[worker-pool] Cleaned up workers for ~diagnostic~: 1 --> 0"}}
[debug] [2021-02-18T23:51:49.112Z] [worker-pool] addWorker(~diagnostic~) {"metadata":{"emulator":{"name":"functions"},"message":"[worker-pool] addWorker(~diagnostic~)"}}
[debug] [2021-02-18T23:51:49.113Z] [worker-pool] Adding worker with key ~diagnostic~, total=1 {"metadata":{"emulator":{"name":"functions"},"message":"[worker-pool] Adding worker with key ~diagnostic~, total=1"}}
[debug] [2021-02-18T23:51:49.113Z] [worker-pool] submitWork(triggerId=) {"metadata":{"emulator":{"name":"functions"},"message":"[worker-pool] submitWork(triggerId=)"}}
[debug] [2021-02-18T23:51:49.113Z] [worker-~diagnostic~-2f1c06fe-0428-4f06-bda6-3b5902ae0915]: Assigning socketPath: /var/folders/h1/8kjkk_v132j0m5fzcf25bdrr0000gn/T/fire_emu_33700.sock {"metadata":{"emulator":{"name":"functions"},"message":"[worker-~diagnostic~-2f1c06fe-0428-4f06-bda6-3b5902ae0915]: Assigning socketPath: /var/folders/h1/8kjkk_v132j0m5fzcf25bdrr0000gn/T/fire_emu_33700.sock"}}
[debug] [2021-02-18T23:51:49.113Z] [worker-~diagnostic~-2f1c06fe-0428-4f06-bda6-3b5902ae0915]: BUSY {"metadata":{"emulator":{"name":"functions"},"message":"[worker-~diagnostic~-2f1c06fe-0428-4f06-bda6-3b5902ae0915]: BUSY"}}
[debug] [2021-02-18T23:51:49.395Z] [runtime-status] [33700] Functions runtime initialized. {"cwd":"/Users/stevenjang/Desktop/alimentation-middleware/functions","node_version":"12.18.3"} {"metadata":{"emulator":{"name":"functions"},"message":"[runtime-status] [33700] Functions runtime initialized. {\"cwd\":\"/Users/stevenjang/Desktop/alimentation-middleware/functions\",\"node_version\":\"12.18.3\"}"}}
[debug] [2021-02-18T23:51:49.397Z] [runtime-status] [33700] Disabled runtime features: undefined {"metadata":{"emulator":{"name":"functions"},"message":"[runtime-status] [33700] Disabled runtime features: undefined"}}
[debug] [2021-02-18T23:51:49.402Z] [runtime-status] [33700] Resolved module firebase-admin {"declared":true,"installed":true,"version":"9.5.0","resolution":"/Users/stevenjang/Desktop/alimentation-middleware/functions/node_modules/firebase-admin/lib/index.js"} {"metadata":{"emulator":{"name":"functions"},"message":"[runtime-status] [33700] Resolved module firebase-admin {\"declared\":true,\"installed\":true,\"version\":\"9.5.0\",\"resolution\":\"/Users/stevenjang/Desktop/alimentation-middleware/functions/node_modules/firebase-admin/lib/index.js\"}"}}
[debug] [2021-02-18T23:51:49.406Z] [runtime-status] [33700] Resolved module firebase-functions {"declared":true,"installed":true,"version":"3.13.1","resolution":"/Users/stevenjang/Desktop/alimentation-middleware/functions/node_modules/firebase-functions/lib/index.js"} {"metadata":{"emulator":{"name":"functions"},"message":"[runtime-status] [33700] Resolved module firebase-functions {\"declared\":true,\"installed\":true,\"version\":\"3.13.1\",\"resolution\":\"/Users/stevenjang/Desktop/alimentation-middleware/functions/node_modules/firebase-functions/lib/index.js\"}"}}
[debug] [2021-02-18T23:51:49.407Z] [runtime-status] [33700] Resolved module firebase-functions {"declared":true,"installed":true,"version":"3.13.1","resolution":"/Users/stevenjang/Desktop/alimentation-middleware/functions/node_modules/firebase-functions/lib/index.js"} {"metadata":{"emulator":{"name":"functions"},"message":"[runtime-status] [33700] Resolved module firebase-functions {\"declared\":true,\"installed\":true,\"version\":\"3.13.1\",\"resolution\":\"/Users/stevenjang/Desktop/alimentation-middleware/functions/node_modules/firebase-functions/lib/index.js\"}"}}
[debug] [2021-02-18T23:51:49.409Z] [runtime-status] [33700] Outgoing network have been stubbed. [{"name":"http","status":"mocked"},{"name":"http","status":"mocked"},{"name":"https","status":"mocked"},{"name":"https","status":"mocked"},{"name":"net","status":"mocked"}] {"metadata":{"emulator":{"name":"functions"},"message":"[runtime-status] [33700] Outgoing network have been stubbed. [{\"name\":\"http\",\"status\":\"mocked\"},{\"name\":\"http\",\"status\":\"mocked\"},{\"name\":\"https\",\"status\":\"mocked\"},{\"name\":\"https\",\"status\":\"mocked\"},{\"name\":\"net\",\"status\":\"mocked\"}]"}}
[debug] [2021-02-18T23:51:49.410Z] [runtime-status] [33700] Resolved module firebase-functions {"declared":true,"installed":true,"version":"3.13.1","resolution":"/Users/stevenjang/Desktop/alimentation-middleware/functions/node_modules/firebase-functions/lib/index.js"} {"metadata":{"emulator":{"name":"functions"},"message":"[runtime-status] [33700] Resolved module firebase-functions {\"declared\":true,\"installed\":true,\"version\":\"3.13.1\",\"resolution\":\"/Users/stevenjang/Desktop/alimentation-middleware/functions/node_modules/firebase-functions/lib/index.js\"}"}}
[debug] [2021-02-18T23:51:49.480Z] [runtime-status] [33700] Checked functions.config() {"config":{}} {"metadata":{"emulator":{"name":"functions"},"message":"[runtime-status] [33700] Checked functions.config() {\"config\":{}}"}}
[debug] [2021-02-18T23:51:49.481Z] [runtime-status] [33700] firebase-functions has been stubbed. {"functionsResolution":{"declared":true,"installed":true,"version":"3.13.1","resolution":"/Users/stevenjang/Desktop/alimentation-middleware/functions/node_modules/firebase-functions/lib/index.js"}} {"metadata":{"emulator":{"name":"functions"},"message":"[runtime-status] [33700] firebase-functions has been stubbed. {\"functionsResolution\":{\"declared\":true,\"installed\":true,\"version\":\"3.13.1\",\"resolution\":\"/Users/stevenjang/Desktop/alimentation-middleware/functions/node_modules/firebase-functions/lib/index.js\"}}"}}
[debug] [2021-02-18T23:51:49.481Z] [runtime-status] [33700] Resolved module firebase-functions {"declared":true,"installed":true,"version":"3.13.1","resolution":"/Users/stevenjang/Desktop/alimentation-middleware/functions/node_modules/firebase-functions/lib/index.js"} {"metadata":{"emulator":{"name":"functions"},"message":"[runtime-status] [33700] Resolved module firebase-functions {\"declared\":true,\"installed\":true,\"version\":\"3.13.1\",\"resolution\":\"/Users/stevenjang/Desktop/alimentation-middleware/functions/node_modules/firebase-functions/lib/index.js\"}"}}
[debug] [2021-02-18T23:51:49.482Z] [runtime-status] [33700] Resolved module firebase-admin {"declared":true,"installed":true,"version":"9.5.0","resolution":"/Users/stevenjang/Desktop/alimentation-middleware/functions/node_modules/firebase-admin/lib/index.js"} {"metadata":{"emulator":{"name":"functions"},"message":"[runtime-status] [33700] Resolved module firebase-admin {\"declared\":true,\"installed\":true,\"version\":\"9.5.0\",\"resolution\":\"/Users/stevenjang/Desktop/alimentation-middleware/functions/node_modules/firebase-admin/lib/index.js\"}"}}
[debug] [2021-02-18T23:51:49.483Z] [runtime-status] [33700] Resolved module firebase-functions {"declared":true,"installed":true,"version":"3.13.1","resolution":"/Users/stevenjang/Desktop/alimentation-middleware/functions/node_modules/firebase-functions/lib/index.js"} {"metadata":{"emulator":{"name":"functions"},"message":"[runtime-status] [33700] Resolved module firebase-functions {\"declared\":true,\"installed\":true,\"version\":\"3.13.1\",\"resolution\":\"/Users/stevenjang/Desktop/alimentation-middleware/functions/node_modules/firebase-functions/lib/index.js\"}"}}
[debug] [2021-02-18T23:51:49.483Z] [runtime-status] [33700] firebase-admin has been stubbed. {"adminResolution":{"declared":true,"installed":true,"version":"9.5.0","resolution":"/Users/stevenjang/Desktop/alimentation-middleware/functions/node_modules/firebase-admin/lib/index.js"}} {"metadata":{"emulator":{"name":"functions"},"message":"[runtime-status] [33700] firebase-admin has been stubbed. {\"adminResolution\":{\"declared\":true,\"installed\":true,\"version\":\"9.5.0\",\"resolution\":\"/Users/stevenjang/Desktop/alimentation-middleware/functions/node_modules/firebase-admin/lib/index.js\"}}"}}
